# JRE version: 7.0_17-b02
# Java VM: Java HotSpot(TM) 64-Bit Server VM (23.7-b01 mixed mode windows-amd64 compressed oops)
Heap
 PSYoungGen      total 72576K, used 0K [0x00000007aaf60000, 0x00000007af6b0000, 0x0000000800000000)
  eden space 72512K, 0% used [0x00000007aaf60000,0x00000007aaf60068,0x00000007af630000)
  from space 64K, 0% used [0x00000007af6a0000,0x00000007af6a0000,0x00000007af6b0000)
  to   space 256K, 0% used [0x00000007af630000,0x00000007af630000,0x00000007af670000)
 ParOldGen       total 2786624K, used 13677K [0x0000000700e00000, 0x00000007aaf50000, 0x00000007aaf60000)
  object space 2786624K, 0% used [0x0000000700e00000,0x0000000701b5b528,0x00000007aaf50000)
 PSPermGen       total 83968K, used 83966K [0x00000006fbc00000, 0x0000000700e00000, 0x0000000700e00000)
  object space 83968K, 99% used [0x00000006fbc00000,0x0000000700dff8a0,0x0000000700e00000)
GC Heap History (10 events):
Event: 979.344 GC heap before
{Heap before GC invocations=255 (full 121):
 PSYoungGen      total 71936K, used 64K [0x00000007aaf60000, 0x00000007af5f0000, 0x0000000800000000)
  eden space 71744K, 0% used [0x00000007aaf60000,0x00000007aaf60000,0x00000007af570000)
  from space 192K, 33% used [0x00000007af5c0000,0x00000007af5d0000,0x00000007af5f0000)
  to   space 256K, 0% used [0x00000007af570000,0x00000007af570000,0x00000007af5b0000)
 ParOldGen       total 2786688K, used 13766K [0x0000000700e00000, 0x00000007aaf60000, 0x00000007aaf60000)
  object space 2786688K, 0% used [0x0000000700e00000,0x0000000701b71a50,0x00000007aaf60000)
 PSPermGen       total 83968K, used 83967K [0x00000006fbc00000, 0x0000000700e00000, 0x0000000700e00000)
  object space 83968K, 99% used [0x00000006fbc00000,0x0000000700dffff0,0x0000000700e00000)
Event: 979.411 GC heap after
Heap after GC invocations=255 (full 121):
 PSYoungGen      total 71936K, used 0K [0x00000007aaf60000, 0x00000007af5f0000, 0x0000000800000000)
  eden space 71744K, 0% used [0x00000007aaf60000,0x00000007aaf60000,0x00000007af570000)
  from space 192K, 0% used [0x00000007af5c0000,0x00000007af5c0000,0x00000007af5f0000)
  to   space 256K, 0% used [0x00000007af570000,0x00000007af570000,0x00000007af5b0000)
 ParOldGen       total 2786560K, used 13686K [0x0000000700e00000, 0x00000007aaf40000, 0x00000007aaf60000)
  object space 2786560K, 0% used [0x0000000700e00000,0x0000000701b5d820,0x00000007aaf40000)
 PSPermGen       total 83968K, used 83916K [0x00000006fbc00000, 0x0000000700e00000, 0x0000000700e00000)
  object space 83968K, 99% used [0x00000006fbc00000,0x0000000700df3070,0x0000000700e00000)
}
Event: 979.413 GC heap before
{Heap before GC invocations=256 (full 121):
 PSYoungGen      total 71936K, used 11K [0x00000007aaf60000, 0x00000007af5f0000, 0x0000000800000000)
  eden space 71744K, 0% used [0x00000007aaf60000,0x00000007aaf62c48,0x00000007af570000)
  from space 192K, 0% used [0x00000007af5c0000,0x00000007af5c0000,0x00000007af5f0000)
  to   space 256K, 0% used [0x00000007af570000,0x00000007af570000,0x00000007af5b0000)
 ParOldGen       total 2786560K, used 13686K [0x0000000700e00000, 0x00000007aaf40000, 0x00000007aaf60000)
  object space 2786560K, 0% used [0x0000000700e00000,0x0000000701b5d820,0x00000007aaf40000)
 PSPermGen       total 83968K, used 83966K [0x00000006fbc00000, 0x0000000700e00000, 0x0000000700e00000)
  object space 83968K, 99% used [0x00000006fbc00000,0x0000000700dff8a0,0x0000000700e00000)
Event: 979.424 GC heap after
Heap after GC invocations=256 (full 121):
 PSYoungGen      total 72000K, used 0K [0x00000007aaf60000, 0x00000007af6e0000, 0x0000000800000000)
  eden space 71744K, 0% used [0x00000007aaf60000,0x00000007aaf60000,0x00000007af570000)
  from space 256K, 0% used [0x00000007af570000,0x00000007af570000,0x00000007af5b0000)
  to   space 256K, 0% used [0x00000007af6a0000,0x00000007af6a0000,0x00000007af6e0000)
 ParOldGen       total 2786560K, used 13686K [0x0000000700e00000, 0x00000007aaf40000, 0x00000007aaf60000)
  object space 2786560K, 0% used [0x0000000700e00000,0x0000000701b5d820,0x00000007aaf40000)
 PSPermGen       total 83968K, used 83966K [0x00000006fbc00000, 0x0000000700e00000, 0x0000000700e00000)
  object space 83968K, 99% used [0x00000006fbc00000,0x0000000700dff8a0,0x0000000700e00000)
}
Event: 979.424 GC heap before
{Heap before GC invocations=257 (full 122):
 PSYoungGen      total 72000K, used 0K [0x00000007aaf60000, 0x00000007af6e0000, 0x0000000800000000)
  eden space 71744K, 0% used [0x00000007aaf60000,0x00000007aaf60000,0x00000007af570000)
  from space 256K, 0% used [0x00000007af570000,0x00000007af570000,0x00000007af5b0000)
  to   space 256K, 0% used [0x00000007af6a0000,0x00000007af6a0000,0x00000007af6e0000)
 ParOldGen       total 2786560K, used 13686K [0x0000000700e00000, 0x00000007aaf40000, 0x00000007aaf60000)
  object space 2786560K, 0% used [0x0000000700e00000,0x0000000701b5d820,0x00000007aaf40000)
 PSPermGen       total 83968K, used 83966K [0x00000006fbc00000, 0x0000000700e00000, 0x0000000700e00000)
  object space 83968K, 99% used [0x00000006fbc00000,0x0000000700dff8a0,0x0000000700e00000)
Event: 979.490 GC heap after
Heap after GC invocations=257 (full 122):
 PSYoungGen      total 72000K, used 0K [0x00000007aaf60000, 0x00000007af6e0000, 0x0000000800000000)
  eden space 71744K, 0% used [0x00000007aaf60000,0x00000007aaf60000,0x00000007af570000)
  from space 256K, 0% used [0x00000007af570000,0x00000007af570000,0x00000007af5b0000)
  to   space 256K, 0% used [0x00000007af6a0000,0x00000007af6a0000,0x00000007af6e0000)
 ParOldGen       total 2786624K, used 13677K [0x0000000700e00000, 0x00000007aaf50000, 0x00000007aaf60000)
  object space 2786624K, 0% used [0x0000000700e00000,0x0000000701b5b528,0x00000007aaf50000)
 PSPermGen       total 83968K, used 83966K [0x00000006fbc00000, 0x0000000700e00000, 0x0000000700e00000)
  object space 83968K, 99% used [0x00000006fbc00000,0x0000000700dff8a0,0x0000000700e00000)
}
Event: 979.490 GC heap before
{Heap before GC invocations=258 (full 122):
 PSYoungGen      total 72000K, used 0K [0x00000007aaf60000, 0x00000007af6e0000, 0x0000000800000000)
  eden space 71744K, 0% used [0x00000007aaf60000,0x00000007aaf60000,0x00000007af570000)
  from space 256K, 0% used [0x00000007af570000,0x00000007af570000,0x00000007af5b0000)
  to   space 256K, 0% used [0x00000007af6a0000,0x00000007af6a0000,0x00000007af6e0000)
 ParOldGen       total 2786624K, used 13677K [0x0000000700e00000, 0x00000007aaf50000, 0x00000007aaf60000)
  object space 2786624K, 0% used [0x0000000700e00000,0x0000000701b5b528,0x00000007aaf50000)
 PSPermGen       total 83968K, used 83966K [0x00000006fbc00000, 0x0000000700e00000, 0x0000000700e00000)
  object space 83968K, 99% used [0x00000006fbc00000,0x0000000700dff8a0,0x0000000700e00000)
Event: 979.491 GC heap after
Heap after GC invocations=258 (full 122):
 PSYoungGen      total 72576K, used 0K [0x00000007aaf60000, 0x00000007af6b0000, 0x0000000800000000)
  eden space 72512K, 0% used [0x00000007aaf60000,0x00000007aaf60000,0x00000007af630000)
  from space 64K, 0% used [0x00000007af6a0000,0x00000007af6a0000,0x00000007af6b0000)
  to   space 256K, 0% used [0x00000007af630000,0x00000007af630000,0x00000007af670000)
 ParOldGen       total 2786624K, used 13677K [0x0000000700e00000, 0x00000007aaf50000, 0x00000007aaf60000)
  object space 2786624K, 0% used [0x0000000700e00000,0x0000000701b5b528,0x00000007aaf50000)
 PSPermGen       total 83968K, used 83966K [0x00000006fbc00000, 0x0000000700e00000, 0x0000000700e00000)
  object space 83968K, 99% used [0x00000006fbc00000,0x0000000700dff8a0,0x0000000700e00000)
}
Event: 979.491 GC heap before
{Heap before GC invocations=259 (full 123):
 PSYoungGen      total 72576K, used 0K [0x00000007aaf60000, 0x00000007af6b0000, 0x0000000800000000)
  eden space 72512K, 0% used [0x00000007aaf60000,0x00000007aaf60000,0x00000007af630000)
  from space 64K, 0% used [0x00000007af6a0000,0x00000007af6a0000,0x00000007af6b0000)
  to   space 256K, 0% used [0x00000007af630000,0x00000007af630000,0x00000007af670000)
 ParOldGen       total 2786624K, used 13677K [0x0000000700e00000, 0x00000007aaf50000, 0x00000007aaf60000)
  object space 2786624K, 0% used [0x0000000700e00000,0x0000000701b5b528,0x00000007aaf50000)
 PSPermGen       total 83968K, used 83966K [0x00000006fbc00000, 0x0000000700e00000, 0x0000000700e00000)
  object space 83968K, 99% used [0x00000006fbc00000,0x0000000700dff8a0,0x0000000700e00000)
Event: 979.550 GC heap after
Heap after GC invocations=259 (full 123):
 PSYoungGen      total 72576K, used 0K [0x00000007aaf60000, 0x00000007af6b0000, 0x0000000800000000)
  eden space 72512K, 0% used [0x00000007aaf60000,0x00000007aaf60000,0x00000007af630000)
  from space 64K, 0% used [0x00000007af6a0000,0x00000007af6a0000,0x00000007af6b0000)
  to   space 256K, 0% used [0x00000007af630000,0x00000007af630000,0x00000007af670000)
 ParOldGen       total 2786624K, used 13677K [0x0000000700e00000, 0x00000007aaf50000, 0x00000007aaf60000)
  object space 2786624K, 0% used [0x0000000700e00000,0x0000000701b5b528,0x00000007aaf50000)
 PSPermGen       total 83968K, used 83966K [0x00000006fbc00000, 0x0000000700e00000, 0x0000000700e00000)
  object space 83968K, 99% used [0x00000006fbc00000,0x0000000700dff8a0,0x0000000700e00000)
}

