# JRE version: 7.0_17-b02
# Java VM: Java HotSpot(TM) 64-Bit Server VM (23.7-b01 mixed mode windows-amd64 compressed oops)
Heap
 PSYoungGen      total 70464K, used 0K [0x00000007aaf60000, 0x00000007b0600000, 0x0000000800000000)
  eden space 53376K, 0% used [0x00000007aaf60000,0x00000007aaf600c8,0x00000007ae380000)
  from space 17088K, 0% used [0x00000007af550000,0x00000007af550000,0x00000007b0600000)
  to   space 17664K, 0% used [0x00000007ae380000,0x00000007ae380000,0x00000007af4c0000)
 ParOldGen       total 1640448K, used 14590K [0x0000000700e00000, 0x0000000765000000, 0x00000007aaf60000)
  object space 1640448K, 0% used [0x0000000700e00000,0x0000000701c3f900,0x0000000765000000)
 PSPermGen       total 83968K, used 83967K [0x00000006fbc00000, 0x0000000700e00000, 0x0000000700e00000)
  object space 83968K, 99% used [0x00000006fbc00000,0x0000000700dffd70,0x0000000700e00000)
GC Heap History (10 events):
Event: 563.129 GC heap before
{Heap before GC invocations=28 (full 8):
 PSYoungGen      total 71552K, used 0K [0x00000007aaf60000, 0x00000007b07b0000, 0x0000000800000000)
  eden space 52928K, 0% used [0x00000007aaf60000,0x00000007aaf60000,0x00000007ae310000)
  from space 18624K, 0% used [0x00000007af580000,0x00000007af580000,0x00000007b07b0000)
  to   space 18752K, 0% used [0x00000007ae310000,0x00000007ae310000,0x00000007af560000)
 ParOldGen       total 826688K, used 15456K [0x0000000700e00000, 0x0000000733550000, 0x00000007aaf60000)
  object space 826688K, 1% used [0x0000000700e00000,0x0000000701d18250,0x0000000733550000)
 PSPermGen       total 83968K, used 83966K [0x00000006fbc00000, 0x0000000700e00000, 0x0000000700e00000)
  object space 83968K, 99% used [0x00000006fbc00000,0x0000000700dff8e0,0x0000000700e00000)
Event: 563.202 GC heap after
Heap after GC invocations=28 (full 8):
 PSYoungGen      total 71552K, used 0K [0x00000007aaf60000, 0x00000007b07b0000, 0x0000000800000000)
  eden space 52928K, 0% used [0x00000007aaf60000,0x00000007aaf60000,0x00000007ae310000)
  from space 18624K, 0% used [0x00000007af580000,0x00000007af580000,0x00000007b07b0000)
  to   space 18752K, 0% used [0x00000007ae310000,0x00000007ae310000,0x00000007af560000)
 ParOldGen       total 1064704K, used 15400K [0x0000000700e00000, 0x0000000741dc0000, 0x00000007aaf60000)
  object space 1064704K, 1% used [0x0000000700e00000,0x0000000701d0a130,0x0000000741dc0000)
 PSPermGen       total 83968K, used 83963K [0x00000006fbc00000, 0x0000000700e00000, 0x0000000700e00000)
  object space 83968K, 99% used [0x00000006fbc00000,0x0000000700dfec98,0x0000000700e00000)
}
Event: 563.203 GC heap before
{Heap before GC invocations=29 (full 8):
 PSYoungGen      total 71552K, used 5K [0x00000007aaf60000, 0x00000007b07b0000, 0x0000000800000000)
  eden space 52928K, 0% used [0x00000007aaf60000,0x00000007aaf615b0,0x00000007ae310000)
  from space 18624K, 0% used [0x00000007af580000,0x00000007af580000,0x00000007b07b0000)
  to   space 18752K, 0% used [0x00000007ae310000,0x00000007ae310000,0x00000007af560000)
 ParOldGen       total 1064704K, used 15400K [0x0000000700e00000, 0x0000000741dc0000, 0x00000007aaf60000)
  object space 1064704K, 1% used [0x0000000700e00000,0x0000000701d0a130,0x0000000741dc0000)
 PSPermGen       total 83968K, used 83967K [0x00000006fbc00000, 0x0000000700e00000, 0x0000000700e00000)
  object space 83968K, 99% used [0x00000006fbc00000,0x0000000700dffd70,0x0000000700e00000)
Event: 563.204 GC heap after
Heap after GC invocations=29 (full 8):
 PSYoungGen      total 52992K, used 0K [0x00000007aaf60000, 0x00000007b0720000, 0x0000000800000000)
  eden space 52928K, 0% used [0x00000007aaf60000,0x00000007aaf60000,0x00000007ae310000)
  from space 64K, 0% used [0x00000007ae310000,0x00000007ae310000,0x00000007ae320000)
  to   space 18240K, 0% used [0x00000007af550000,0x00000007af550000,0x00000007b0720000)
 ParOldGen       total 1064704K, used 15400K [0x0000000700e00000, 0x0000000741dc0000, 0x00000007aaf60000)
  object space 1064704K, 1% used [0x0000000700e00000,0x0000000701d0a130,0x0000000741dc0000)
 PSPermGen       total 83968K, used 83967K [0x00000006fbc00000, 0x0000000700e00000, 0x0000000700e00000)
  object space 83968K, 99% used [0x00000006fbc00000,0x0000000700dffd70,0x0000000700e00000)
}
Event: 563.204 GC heap before
{Heap before GC invocations=30 (full 9):
 PSYoungGen      total 52992K, used 0K [0x00000007aaf60000, 0x00000007b0720000, 0x0000000800000000)
  eden space 52928K, 0% used [0x00000007aaf60000,0x00000007aaf60000,0x00000007ae310000)
  from space 64K, 0% used [0x00000007ae310000,0x00000007ae310000,0x00000007ae320000)
  to   space 18240K, 0% used [0x00000007af550000,0x00000007af550000,0x00000007b0720000)
 ParOldGen       total 1064704K, used 15400K [0x0000000700e00000, 0x0000000741dc0000, 0x00000007aaf60000)
  object space 1064704K, 1% used [0x0000000700e00000,0x0000000701d0a130,0x0000000741dc0000)
 PSPermGen       total 83968K, used 83967K [0x00000006fbc00000, 0x0000000700e00000, 0x0000000700e00000)
  object space 83968K, 99% used [0x00000006fbc00000,0x0000000700dffd70,0x0000000700e00000)
Event: 563.264 GC heap after
Heap after GC invocations=30 (full 9):
 PSYoungGen      total 52992K, used 0K [0x00000007aaf60000, 0x00000007b0720000, 0x0000000800000000)
  eden space 52928K, 0% used [0x00000007aaf60000,0x00000007aaf60000,0x00000007ae310000)
  from space 64K, 0% used [0x00000007ae310000,0x00000007ae310000,0x00000007ae320000)
  to   space 18240K, 0% used [0x00000007af550000,0x00000007af550000,0x00000007b0720000)
 ParOldGen       total 1320768K, used 14590K [0x0000000700e00000, 0x00000007517d0000, 0x00000007aaf60000)
  object space 1320768K, 1% used [0x0000000700e00000,0x0000000701c3f9c0,0x00000007517d0000)
 PSPermGen       total 83968K, used 83967K [0x00000006fbc00000, 0x0000000700e00000, 0x0000000700e00000)
  object space 83968K, 99% used [0x00000006fbc00000,0x0000000700dffd70,0x0000000700e00000)
}
Event: 563.264 GC heap before
{Heap before GC invocations=31 (full 9):
 PSYoungGen      total 52992K, used 0K [0x00000007aaf60000, 0x00000007b0720000, 0x0000000800000000)
  eden space 52928K, 0% used [0x00000007aaf60000,0x00000007aaf60000,0x00000007ae310000)
  from space 64K, 0% used [0x00000007ae310000,0x00000007ae310000,0x00000007ae320000)
  to   space 18240K, 0% used [0x00000007af550000,0x00000007af550000,0x00000007b0720000)
 ParOldGen       total 1320768K, used 14590K [0x0000000700e00000, 0x00000007517d0000, 0x00000007aaf60000)
  object space 1320768K, 1% used [0x0000000700e00000,0x0000000701c3f9c0,0x00000007517d0000)
 PSPermGen       total 83968K, used 83967K [0x00000006fbc00000, 0x0000000700e00000, 0x0000000700e00000)
  object space 83968K, 99% used [0x00000006fbc00000,0x0000000700dffd70,0x0000000700e00000)
Event: 563.265 GC heap after
Heap after GC invocations=31 (full 9):
 PSYoungGen      total 70464K, used 0K [0x00000007aaf60000, 0x00000007b0600000, 0x0000000800000000)
  eden space 53376K, 0% used [0x00000007aaf60000,0x00000007aaf60000,0x00000007ae380000)
  from space 17088K, 0% used [0x00000007af550000,0x00000007af550000,0x00000007b0600000)
  to   space 17664K, 0% used [0x00000007ae380000,0x00000007ae380000,0x00000007af4c0000)
 ParOldGen       total 1320768K, used 14590K [0x0000000700e00000, 0x00000007517d0000, 0x00000007aaf60000)
  object space 1320768K, 1% used [0x0000000700e00000,0x0000000701c3f9c0,0x00000007517d0000)
 PSPermGen       total 83968K, used 83967K [0x00000006fbc00000, 0x0000000700e00000, 0x0000000700e00000)
  object space 83968K, 99% used [0x00000006fbc00000,0x0000000700dffd70,0x0000000700e00000)
}
Event: 563.265 GC heap before
{Heap before GC invocations=32 (full 10):
 PSYoungGen      total 70464K, used 0K [0x00000007aaf60000, 0x00000007b0600000, 0x0000000800000000)
  eden space 53376K, 0% used [0x00000007aaf60000,0x00000007aaf60000,0x00000007ae380000)
  from space 17088K, 0% used [0x00000007af550000,0x00000007af550000,0x00000007b0600000)
  to   space 17664K, 0% used [0x00000007ae380000,0x00000007ae380000,0x00000007af4c0000)
 ParOldGen       total 1320768K, used 14590K [0x0000000700e00000, 0x00000007517d0000, 0x00000007aaf60000)
  object space 1320768K, 1% used [0x0000000700e00000,0x0000000701c3f9c0,0x00000007517d0000)
 PSPermGen       total 83968K, used 83967K [0x00000006fbc00000, 0x0000000700e00000, 0x0000000700e00000)
  object space 83968K, 99% used [0x00000006fbc00000,0x0000000700dffd70,0x0000000700e00000)
Event: 563.326 GC heap after
Heap after GC invocations=32 (full 10):
 PSYoungGen      total 70464K, used 0K [0x00000007aaf60000, 0x00000007b0600000, 0x0000000800000000)
  eden space 53376K, 0% used [0x00000007aaf60000,0x00000007aaf60000,0x00000007ae380000)
  from space 17088K, 0% used [0x00000007af550000,0x00000007af550000,0x00000007b0600000)
  to   space 17664K, 0% used [0x00000007ae380000,0x00000007ae380000,0x00000007af4c0000)
 ParOldGen       total 1640448K, used 14590K [0x0000000700e00000, 0x0000000765000000, 0x00000007aaf60000)
  object space 1640448K, 0% used [0x0000000700e00000,0x0000000701c3f900,0x0000000765000000)
 PSPermGen       total 83968K, used 83967K [0x00000006fbc00000, 0x0000000700e00000, 0x0000000700e00000)
  object space 83968K, 99% used [0x00000006fbc00000,0x0000000700dffd70,0x0000000700e00000)
}

